[NotebookApp | WARNING] No nbgrader_config.py file found (rerun with --debug to see where nbgrader is looking)
[NotebookApp | INFO] Loading the validate_assignment nbgrader serverextension
[NotebookApp | INFO] Serving notebooks from local directory: /home/arden/Documents/Jupyter
[NotebookApp | INFO] The Jupyter Notebook is running at:
[NotebookApp | INFO] http://localhost:8888/
[NotebookApp | INFO] Use Control-C to stop this server and shut down all kernels (twice to skip confirmation).
[NotebookApp | CRITICAL] Unwritable directory, please contact your instructor: /srv/nbgrader/exchange
[NotebookApp | CRITICAL] Unwritable directory, please contact your instructor: /srv/nbgrader/exchange
[NotebookApp | CRITICAL] Unwritable directory, please contact your instructor: /srv/nbgrader/exchange
[NotebookApp | CRITICAL] Unwritable directory, please contact your instructor: /srv/nbgrader/exchange
[NotebookApp | WARNING] No nbgrader_config.py file found. Rerun with DEBUG log level to see where nbgrader is looking.
[NotebookApp | CRITICAL] Unwritable directory, please contact your instructor: /srv/nbgrader/exchange
[NotebookApp | ERROR] Traceback (most recent call last):
      File "/home/arden/.pyenv/versions/3.6.5/envs/jupyter/lib/python3.6/site-packages/nbgrader/server_extensions/assignment_list/handlers.py", line 65, in list_released_assignments
        assignments = lister.start()
      File "/home/arden/.pyenv/versions/3.6.5/envs/jupyter/lib/python3.6/site-packages/nbgrader/exchange/list.py", line 129, in start
        super(ExchangeList, self).start()
      File "/home/arden/.pyenv/versions/3.6.5/envs/jupyter/lib/python3.6/site-packages/nbgrader/exchange/exchange.py", line 122, in start
        self.ensure_root()
      File "/home/arden/.pyenv/versions/3.6.5/envs/jupyter/lib/python3.6/site-packages/nbgrader/exchange/exchange.py", line 100, in ensure_root
        self.fail("Unwritable directory, please contact your instructor: {}".format(self.root))
      File "/home/arden/.pyenv/versions/3.6.5/envs/jupyter/lib/python3.6/site-packages/nbgrader/exchange/exchange.py", line 78, in fail
        raise ExchangeError(msg)
    nbgrader.exchange.exchange.ExchangeError: Unwritable directory, please contact your instructor: /srv/nbgrader/exchange
    
[NotebookApp | INFO] Kernel started: c76466e2-778f-44c0-a5b8-c0e4bff5c9ea
[NotebookApp | INFO] Adapting to protocol v5.1 for kernel c76466e2-778f-44c0-a5b8-c0e4bff5c9ea
[NotebookApp | INFO] Saving file at /Introduction/Untitled.ipynb
[NotebookApp | INFO] Saving file at /Introduction/Untitled.ipynb
[NotebookApp | INFO] Saving file at /Introduction/Untitled.ipynb
[NotebookApp | INFO] Saving file at /Introduction/Untitled.ipynb
[NotebookApp | INFO] Saving file at /Introduction/Untitled.ipynb
[NotebookApp | INFO] Saving file at /Introduction/Untitled.ipynb
[NotebookApp | INFO] Saving file at /Introduction/Untitled.ipynb
[NotebookApp | INFO] Saving file at /Introduction/Untitled.ipynb
[NotebookApp | INFO] Saving file at /Introduction/Untitled.ipynb
[NotebookApp | INFO] Saving file at /Introduction/Untitled.ipynb
[NotebookApp | INFO] Saving file at /Introduction/Untitled.ipynb
[NotebookApp | INFO] Saving file at /Introduction/Untitled.ipynb
[NotebookApp | INFO] Saving file at /Introduction/Untitled.ipynb
[NotebookApp | INFO] Saving file at /Introduction/Untitled.ipynb
[NotebookApp | INFO] Saving file at /Introduction/Untitled.ipynb
[NotebookApp | INFO] Saving file at /Introduction/Untitled.ipynb
[NotebookApp | INFO] Saving file at /Introduction/Untitled.ipynb
[NotebookApp | INFO] Saving file at /Introduction/Untitled.ipynb
[NotebookApp | INFO] Saving file at /Introduction/Untitled.ipynb
[NotebookApp | INFO] Saving file at /Introduction/Untitled.ipynb
[NotebookApp | INFO] Saving file at /Introduction/Untitled.ipynb
[NotebookApp | INFO] Saving file at /Introduction/Untitled.ipynb
[NotebookApp | INFO] Saving file at /Introduction/Untitled.ipynb
[NotebookApp | INFO] Saving file at /Introduction/Untitled.ipynb
[NotebookApp | INFO] Saving file at /Introduction/Untitled.ipynb
[NotebookApp | INFO] Starting buffering for c76466e2-778f-44c0-a5b8-c0e4bff5c9ea:57800af7446a4924888f4954ca51cf13
[NotebookApp | INFO] interrupted
[NotebookApp | CRITICAL] Shutdown confirmed
[NotebookApp | INFO] Shutting down 1 kernel
[NotebookApp | INFO] Kernel shutdown: c76466e2-778f-44c0-a5b8-c0e4bff5c9ea
[NotebookApp | WARNING] No nbgrader_config.py file found (rerun with --debug to see where nbgrader is looking)
[NotebookApp | INFO] Loading the validate_assignment nbgrader serverextension
[NotebookApp | INFO] Serving notebooks from local directory: /home/arden/Documents/Jupyter
[NotebookApp | INFO] The Jupyter Notebook is running at:
[NotebookApp | INFO] http://localhost:8888/
[NotebookApp | INFO] Use Control-C to stop this server and shut down all kernels (twice to skip confirmation).
[NotebookApp | INFO] Kernel started: 149058aa-c02d-46fc-ae38-b5751bd25022
[NotebookApp | INFO] Adapting to protocol v5.1 for kernel 149058aa-c02d-46fc-ae38-b5751bd25022
[NotebookApp | INFO] Starting buffering for 149058aa-c02d-46fc-ae38-b5751bd25022:ba3395cc357d43d38dfa59c6293f1874
[NotebookApp | INFO] Adapting to protocol v5.1 for kernel 149058aa-c02d-46fc-ae38-b5751bd25022
[NotebookApp | INFO] Starting buffering for 149058aa-c02d-46fc-ae38-b5751bd25022:0cd21bbd5967421b946ed7215ca27602
[NotebookApp | INFO] Adapting to protocol v5.1 for kernel 149058aa-c02d-46fc-ae38-b5751bd25022
[NotebookApp | INFO] Saving file at /Introduction/Python Introduction.ipynb
[NotebookApp | INFO] Starting buffering for 149058aa-c02d-46fc-ae38-b5751bd25022:3652ab2bd49d426f9b3a0cc4376f84ed
[NotebookApp | INFO] interrupted
[NotebookApp | CRITICAL] Shutdown confirmed
[NotebookApp | INFO] Shutting down 1 kernel
[NotebookApp | INFO] Kernel shutdown: 149058aa-c02d-46fc-ae38-b5751bd25022
[NotebookApp | WARNING] No nbgrader_config.py file found (rerun with --debug to see where nbgrader is looking)
[NotebookApp | INFO] Loading the validate_assignment nbgrader serverextension
[NotebookApp | INFO] Serving notebooks from local directory: /home/arden/Documents/Jupyter
[NotebookApp | INFO] The Jupyter Notebook is running at:
[NotebookApp | INFO] http://localhost:8888/
[NotebookApp | INFO] Use Control-C to stop this server and shut down all kernels (twice to skip confirmation).
[NotebookApp | INFO] Kernel started: 0c090b70-4fd8-4bde-b09b-140d53f2fe20
[NotebookApp | INFO] Adapting to protocol v5.1 for kernel 0c090b70-4fd8-4bde-b09b-140d53f2fe20
[NotebookApp | INFO] Starting buffering for 0c090b70-4fd8-4bde-b09b-140d53f2fe20:77ed4c42c72649cea0b4f7b4d17e9022
[NotebookApp | INFO] Kernel started: 4aea2264-4740-43b1-98ca-ba6ce6501b0f
[NotebookApp | INFO] Adapting to protocol v5.1 for kernel 4aea2264-4740-43b1-98ca-ba6ce6501b0f
[NotebookApp | INFO] Saving file at /Introduction/Python Introduction.ipynb
[NotebookApp | INFO] Saving file at /Introduction/Python Introduction.ipynb
[NotebookApp | INFO] Saving file at /Introduction/Python Introduction.ipynb
[NotebookApp | INFO] Saving file at /Introduction/Python Introduction.ipynb
[NotebookApp | INFO] Saving file at /Introduction/Python Introduction.ipynb
[NotebookApp | INFO] Saving file at /Introduction/Python Introduction.ipynb
[NotebookApp | INFO] Saving file at /Introduction/Python Introduction.ipynb
[NotebookApp | INFO] Saving file at /Introduction/Python Introduction.ipynb
[NotebookApp | INFO] Saving file at /Introduction/Python Introduction.ipynb
[NotebookApp | INFO] Saving file at /Introduction/Python Introduction.ipynb
[NotebookApp | INFO] Saving file at /Introduction/Python Introduction.ipynb
[NotebookApp | INFO] Saving file at /Introduction/Python Introduction.ipynb
[NotebookApp | INFO] Saving file at /Introduction/Python Introduction.ipynb
[NotebookApp | INFO] Saving file at /Introduction/Python Introduction.ipynb
[NotebookApp | INFO] Saving file at /Introduction/Python Introduction.ipynb
[NotebookApp | INFO] Saving file at /Introduction/Python Introduction.ipynb
[NotebookApp | INFO] Saving file at /Introduction/Python Introduction.ipynb
[NotebookApp | INFO] Saving file at /Introduction/Python Introduction.ipynb
[NotebookApp | INFO] Saving file at /Introduction/Python Introduction.ipynb
[NotebookApp | INFO] Saving file at /Introduction/Python Introduction.ipynb
[NotebookApp | INFO] Writing 30749 bytes to ./notebook.tex
[NotebookApp | INFO] Building PDF
[NotebookApp | INFO] Running xelatex 3 times: ['xelatex', './notebook.tex']
[NotebookApp | INFO] Running bibtex 1 time: ['bibtex', './notebook']
[NotebookApp | WARNING] bibtex had problems, most likely because there were no citations
[NotebookApp | INFO] PDF successfully created
[NotebookApp | INFO] Saving file at /Introduction/Python Introduction.ipynb
[NotebookApp | INFO] Saving file at /Introduction/Python Introduction.ipynb
[NotebookApp | INFO] Starting buffering for 4aea2264-4740-43b1-98ca-ba6ce6501b0f:73843c001d0c43b8b9a0bbde7506c27f
[NotebookApp | INFO] Kernel shutdown: 4aea2264-4740-43b1-98ca-ba6ce6501b0f
[NotebookApp | INFO] interrupted
[NotebookApp | CRITICAL] Shutdown confirmed
[NotebookApp | INFO] Shutting down 1 kernel
[NotebookApp | INFO] Kernel shutdown: 0c090b70-4fd8-4bde-b09b-140d53f2fe20
[NotebookApp | WARNING] No nbgrader_config.py file found (rerun with --debug to see where nbgrader is looking)
[NotebookApp | INFO] Loading the validate_assignment nbgrader serverextension
[NotebookApp | INFO] Serving notebooks from local directory: /home/arden/Documents/Jupyter
[NotebookApp | INFO] The Jupyter Notebook is running at:
[NotebookApp | INFO] http://localhost:8888/
[NotebookApp | INFO] Use Control-C to stop this server and shut down all kernels (twice to skip confirmation).
[NotebookApp | INFO] Kernel started: bfa1e228-a418-4eb6-9c85-f81427b340b1
[NotebookApp | INFO] Adapting to protocol v5.1 for kernel bfa1e228-a418-4eb6-9c85-f81427b340b1
[NotebookApp | INFO] Starting buffering for bfa1e228-a418-4eb6-9c85-f81427b340b1:c9176d5fd9364c4c8b4048cea00193f8
[NotebookApp | INFO] interrupted
[NotebookApp | CRITICAL] Shutdown confirmed
[NotebookApp | INFO] Shutting down 1 kernel
[NotebookApp | INFO] Kernel shutdown: bfa1e228-a418-4eb6-9c85-f81427b340b1
[NotebookApp | WARNING] No nbgrader_config.py file found (rerun with --debug to see where nbgrader is looking)
[NotebookApp | INFO] Loading the validate_assignment nbgrader serverextension
[NotebookApp | INFO] Serving notebooks from local directory: /home/arden/Documents/Jupyter
[NotebookApp | INFO] The Jupyter Notebook is running at:
[NotebookApp | INFO] http://localhost:8888/
[NotebookApp | INFO] Use Control-C to stop this server and shut down all kernels (twice to skip confirmation).
[NotebookApp | WARNING] Clearing invalid/expired login cookie username-localhost-8888
[NotebookApp | WARNING] Clearing invalid/expired login cookie username-localhost-8888
[NotebookApp | INFO] 302 GET /tree (127.0.0.1) 5.80ms
[NotebookApp | INFO] 302 POST /login?next=%2Ftree (127.0.0.1) 2.66ms
[NotebookApp | INFO] Kernel started: 2059a4ed-5caa-4b9c-9587-735c3777d316
[NotebookApp | INFO] Adapting to protocol v5.1 for kernel 2059a4ed-5caa-4b9c-9587-735c3777d316
[NotebookApp | INFO] Creating new notebook in 
[NotebookApp | INFO] Kernel started: d7e9c41a-ac97-4d78-89b4-f993c25255b3
[NotebookApp | INFO] Adapting to protocol v5.1 for kernel d7e9c41a-ac97-4d78-89b4-f993c25255b3
[NotebookApp | INFO] Starting buffering for 2059a4ed-5caa-4b9c-9587-735c3777d316:165e68f4d914417b8c114022ae9e63c6
[NotebookApp | INFO] Saving file at /Untitled.ipynb
[NotebookApp | INFO] Saving file at /Untitled.ipynb
[NotebookApp | INFO] Saving file at /Untitled.ipynb
[NotebookApp | INFO] Saving file at /Untitled.ipynb
[NotebookApp | INFO] Saving file at /Untitled.ipynb
[NotebookApp | INFO] Saving file at /Untitled.ipynb
[NotebookApp | INFO] Saving file at /Untitled.ipynb
[NotebookApp | INFO] Saving file at /Untitled.ipynb
[NotebookApp | INFO] Saving file at /Untitled.ipynb
[NotebookApp | INFO] Saving file at /Untitled.ipynb
[NotebookApp | INFO] Saving file at /Untitled.ipynb
[NotebookApp | INFO] Saving file at /Untitled.ipynb
[NotebookApp | INFO] Saving file at /Untitled.ipynb
[NotebookApp | INFO] Saving file at /Untitled.ipynb
[NotebookApp | INFO] Saving file at /Untitled.ipynb
[NotebookApp | INFO] Saving file at /Untitled.ipynb
[NotebookApp | INFO] Saving file at /Untitled.ipynb
[NotebookApp | INFO] Saving file at /Untitled.ipynb
[NotebookApp | INFO] Saving file at /Untitled.ipynb
[NotebookApp | INFO] Saving file at /Untitled.ipynb
[NotebookApp | INFO] Saving file at /Population Model.ipynb
[NotebookApp | INFO] Saving file at /Population Model.ipynb
[NotebookApp | INFO] Saving file at /Population Model.ipynb
[NotebookApp | WARNING] 404 GET /static/components/codemirror/mode/python3/python3.js (127.0.0.1) 12.19ms referer=http://localhost:8888/notebooks/Population%20Model.ipynb
[NotebookApp | INFO] Saving file at /Population Model.ipynb
[NotebookApp | INFO] Starting buffering for d7e9c41a-ac97-4d78-89b4-f993c25255b3:d8e0d1b6d3b14cc5a2f5a4dc769d3f9f
[NotebookApp | INFO] interrupted
[NotebookApp | CRITICAL] Shutdown confirmed
[NotebookApp | INFO] Shutting down 2 kernels
[NotebookApp | INFO] Kernel shutdown: 2059a4ed-5caa-4b9c-9587-735c3777d316
[NotebookApp | INFO] Kernel shutdown: d7e9c41a-ac97-4d78-89b4-f993c25255b3
[NotebookApp | WARNING] No nbgrader_config.py file found (rerun with --debug to see where nbgrader is looking)
[NotebookApp | INFO] Loading the validate_assignment nbgrader serverextension
[NotebookApp | INFO] Serving notebooks from local directory: /home/arden/Documents/Jupyter
[NotebookApp | INFO] The Jupyter Notebook is running at:
[NotebookApp | INFO] http://localhost:8888/
[NotebookApp | INFO] Use Control-C to stop this server and shut down all kernels (twice to skip confirmation).
[NotebookApp | INFO] Kernel started: 929128c3-403d-42d7-9ba4-77a25525f89e
[NotebookApp | WARNING] 404 GET /static/components/codemirror/mode/python3/python3.js (127.0.0.1) 20.83ms referer=http://localhost:8888/notebooks/Population%20Model.ipynb
[NotebookApp | INFO] Adapting to protocol v5.1 for kernel 929128c3-403d-42d7-9ba4-77a25525f89e
[NotebookApp | INFO] Saving file at /Population Model.ipynb
[NotebookApp | INFO] Saving file at /Population Model.ipynb
[NotebookApp | INFO] Saving file at /Population Model.ipynb
[NotebookApp | INFO] Saving file at /Population Model.ipynb
[NotebookApp | INFO] Saving file at /Population Model.ipynb
[NotebookApp | INFO] Saving file at /Population Model.ipynb
[NotebookApp | INFO] Saving file at /Population Model.ipynb
[NotebookApp | INFO] Saving file at /Population Model.ipynb
[NotebookApp | INFO] Saving file at /Population Model.ipynb
[NotebookApp | INFO] Kernel started: cc9d0792-de13-4799-a02e-c255669bdb95
[NotebookApp | INFO] Adapting to protocol v5.1 for kernel cc9d0792-de13-4799-a02e-c255669bdb95
[NotebookApp | INFO] Saving file at /Population Model.ipynb
[NotebookApp | INFO] Saving file at /Population Model.ipynb
[NotebookApp | INFO] Saving file at /Population Model.ipynb
[NotebookApp | INFO] Saving file at /Population Model.ipynb
[NotebookApp | INFO] Saving file at /Population Model.ipynb
[NotebookApp | INFO] Starting buffering for cc9d0792-de13-4799-a02e-c255669bdb95:f97d312249a749da8f7541f1e1bc1015
[NotebookApp | INFO] Starting buffering for 929128c3-403d-42d7-9ba4-77a25525f89e:1e081ecc2d5743d280af0df8dec5d9f5
[NotebookApp | INFO] interrupted
[NotebookApp | CRITICAL] Shutdown confirmed
[NotebookApp | INFO] Shutting down 2 kernels
[NotebookApp | INFO] Kernel shutdown: 929128c3-403d-42d7-9ba4-77a25525f89e
[NotebookApp | INFO] Kernel shutdown: cc9d0792-de13-4799-a02e-c255669bdb95
[NotebookApp | WARNING] No nbgrader_config.py file found (rerun with --debug to see where nbgrader is looking)
[NotebookApp | INFO] Loading the validate_assignment nbgrader serverextension
[NotebookApp | INFO] Serving notebooks from local directory: /home/arden/Documents/Jupyter
[NotebookApp | INFO] The Jupyter Notebook is running at:
[NotebookApp | INFO] http://localhost:8888/
[NotebookApp | INFO] Use Control-C to stop this server and shut down all kernels (twice to skip confirmation).
[NotebookApp | INFO] Kernel started: cce399f1-5a70-468e-be51-16680656ede3
[NotebookApp | WARNING] 404 GET /static/components/codemirror/mode/python3/python3.js (127.0.0.1) 22.43ms referer=http://localhost:8888/notebooks/Population%20Model.ipynb
[NotebookApp | INFO] Adapting to protocol v5.1 for kernel cce399f1-5a70-468e-be51-16680656ede3
[NotebookApp | INFO] interrupted
[NotebookApp | INFO] Starting buffering for cce399f1-5a70-468e-be51-16680656ede3:5875cb9c82d24d748adf8fe66a6df6fe
[NotebookApp | CRITICAL] Shutdown confirmed
[NotebookApp | INFO] Shutting down 1 kernel
[NotebookApp | INFO] Kernel shutdown: cce399f1-5a70-468e-be51-16680656ede3
[NotebookApp | WARNING] No nbgrader_config.py file found (rerun with --debug to see where nbgrader is looking)
[NotebookApp | INFO] Loading the validate_assignment nbgrader serverextension
[NotebookApp | INFO] Serving notebooks from local directory: /home/arden/Documents/Jupyter
[NotebookApp | INFO] The Jupyter Notebook is running at:
[NotebookApp | INFO] http://localhost:8888/
[NotebookApp | INFO] Use Control-C to stop this server and shut down all kernels (twice to skip confirmation).
[NotebookApp | INFO] Creating new notebook in 
[NotebookApp | INFO] Kernel started: c6e853ea-ff6e-4c1e-aad9-046c8bc962d6
[NotebookApp | INFO] Adapting to protocol v5.1 for kernel c6e853ea-ff6e-4c1e-aad9-046c8bc962d6
[NotebookApp | INFO] Saving file at /Periodic Heat Equation.ipynb
[NotebookApp | INFO] Saving file at /Periodic Heat Equation.ipynb
[NotebookApp | INFO] Saving file at /Periodic Heat Equation.ipynb
[NotebookApp | INFO] Saving file at /Periodic Heat Equation.ipynb
[NotebookApp | INFO] Saving file at /Periodic Heat Equation.ipynb
[NotebookApp | INFO] Saving file at /Periodic Heat Equation.ipynb
[NotebookApp | INFO] Saving file at /Periodic Heat Equation.ipynb
[NotebookApp | INFO] Saving file at /Periodic Heat Equation.ipynb
[NotebookApp | INFO] Starting buffering for c6e853ea-ff6e-4c1e-aad9-046c8bc962d6:fe9c50dbd6604539ac1fbad9de622271
[NotebookApp | INFO] Kernel restarted: c6e853ea-ff6e-4c1e-aad9-046c8bc962d6
[NotebookApp | INFO] Adapting to protocol v5.1 for kernel c6e853ea-ff6e-4c1e-aad9-046c8bc962d6
[NotebookApp | INFO] Restoring connection for c6e853ea-ff6e-4c1e-aad9-046c8bc962d6:fe9c50dbd6604539ac1fbad9de622271
[NotebookApp | INFO] Replaying 6 buffered messages
[NotebookApp | INFO] Saving file at /Periodic Heat Equation.ipynb
[NotebookApp | INFO] Saving file at /Periodic Heat Equation.ipynb
[NotebookApp | INFO] Saving file at /Periodic Heat Equation.ipynb
[NotebookApp | INFO] Saving file at /Periodic Heat Equation.ipynb
[NotebookApp | INFO] Saving file at /Periodic Heat Equation.ipynb
[NotebookApp | INFO] Saving file at /Periodic Heat Equation.ipynb
[NotebookApp | INFO] Saving file at /Periodic Heat Equation.ipynb
[NotebookApp | INFO] Saving file at /Periodic Heat Equation.ipynb
[NotebookApp | INFO] Starting buffering for c6e853ea-ff6e-4c1e-aad9-046c8bc962d6:fe9c50dbd6604539ac1fbad9de622271
[NotebookApp | INFO] interrupted
[NotebookApp | CRITICAL] Shutdown confirmed
[NotebookApp | INFO] Shutting down 1 kernel
[NotebookApp | INFO] Kernel shutdown: c6e853ea-ff6e-4c1e-aad9-046c8bc962d6
[NotebookApp | WARNING] No nbgrader_config.py file found (rerun with --debug to see where nbgrader is looking)
[NotebookApp | INFO] Loading the validate_assignment nbgrader serverextension
[NotebookApp | INFO] Serving notebooks from local directory: /home/arden/Documents/Jupyter
[NotebookApp | INFO] The Jupyter Notebook is running at:
[NotebookApp | INFO] http://localhost:8888/
[NotebookApp | INFO] Use Control-C to stop this server and shut down all kernels (twice to skip confirmation).
[NotebookApp | INFO] Kernel started: 174a638e-a954-41e4-9933-36f4a6c9b02b
[NotebookApp | INFO] Adapting to protocol v5.1 for kernel 174a638e-a954-41e4-9933-36f4a6c9b02b
[NotebookApp | INFO] Saving file at /Periodic Heat Equation.ipynb
[NotebookApp | INFO] Saving file at /Periodic Heat Equation.ipynb
[NotebookApp | INFO] Saving file at /Periodic Heat Equation.ipynb
[NotebookApp | INFO] Saving file at /Periodic Heat Equation.ipynb
[NotebookApp | INFO] Starting buffering for 174a638e-a954-41e4-9933-36f4a6c9b02b:1e7a3874512b4f1f893511699f8a5c43
[NotebookApp | INFO] interrupted
[NotebookApp | CRITICAL] Shutdown confirmed
[NotebookApp | INFO] Shutting down 1 kernel
[NotebookApp | INFO] Kernel shutdown: 174a638e-a954-41e4-9933-36f4a6c9b02b
[NotebookApp | WARNING] No nbgrader_config.py file found (rerun with --debug to see where nbgrader is looking)
[NotebookApp | INFO] Loading the validate_assignment nbgrader serverextension
[NotebookApp | INFO] Serving notebooks from local directory: /home/arden/Documents/Jupyter
[NotebookApp | INFO] The Jupyter Notebook is running at:
[NotebookApp | INFO] http://localhost:8888/
[NotebookApp | INFO] Use Control-C to stop this server and shut down all kernels (twice to skip confirmation).
[NotebookApp | WARNING] Clearing invalid/expired login cookie username-localhost-8888
[NotebookApp | WARNING] Clearing invalid/expired login cookie username-localhost-8888
[NotebookApp | INFO] 302 GET /tree (127.0.0.1) 22.67ms
[NotebookApp | INFO] 302 POST /login?next=%2Ftree (127.0.0.1) 2.67ms
[NotebookApp | INFO] Kernel started: 9a24a18d-e6ee-407f-916c-4456a3c59c05
[NotebookApp | INFO] Adapting to protocol v5.1 for kernel 9a24a18d-e6ee-407f-916c-4456a3c59c05
[NotebookApp | INFO] New terminal with automatic name: 1
[NotebookApp | INFO] Saving file at /Periodic Heat Equation.ipynb
[NotebookApp | INFO] Saving file at /Periodic Heat Equation.ipynb
[NotebookApp | INFO] Saving file at /Periodic Heat Equation.ipynb
[NotebookApp | INFO] Saving file at /Periodic Heat Equation.ipynb
[NotebookApp | INFO] Kernel started: 856a7c21-d574-4b2b-8df3-3a8a889cf2be
[NotebookApp | WARNING] 404 GET /static/components/codemirror/mode/python3/python3.js (127.0.0.1) 15.51ms referer=http://localhost:8888/notebooks/Population%20Model.ipynb
[NotebookApp | INFO] Adapting to protocol v5.1 for kernel 856a7c21-d574-4b2b-8df3-3a8a889cf2be
[NotebookApp | INFO] Saving file at /Population Model.ipynb
[NotebookApp | INFO] Saving file at /Population Model.ipynb
[NotebookApp | INFO] Kernel started: 84c028bb-8c85-4a5d-b3c6-f39239d2927d
[NotebookApp | INFO] Adapting to protocol v5.1 for kernel 84c028bb-8c85-4a5d-b3c6-f39239d2927d
[NotebookApp | INFO] Kernel started: 3453d4c8-ebc6-4c83-a884-2d386236ab30
[NotebookApp | INFO] Adapting to protocol v5.1 for kernel 3453d4c8-ebc6-4c83-a884-2d386236ab30
[NotebookApp | INFO] Starting buffering for 3453d4c8-ebc6-4c83-a884-2d386236ab30:767a42d02acd4e95986d3d78cc010b18
[NotebookApp | INFO] Starting buffering for 84c028bb-8c85-4a5d-b3c6-f39239d2927d:f1e339cd831b40fd8cffb315ca65d8bd
[NotebookApp | INFO] Starting buffering for 9a24a18d-e6ee-407f-916c-4456a3c59c05:d80d4f8d0fe842b3ae70e71aa60c9ddf
[NotebookApp | INFO] Saving file at /Population Model.ipynb
[NotebookApp | INFO] Adapting to protocol v5.1 for kernel 856a7c21-d574-4b2b-8df3-3a8a889cf2be
[NotebookApp | WARNING] 404 GET /static/components/codemirror/mode/python3/python3.js (127.0.0.1) 6.12ms referer=http://localhost:8888/notebooks/Population%20Model.ipynb
[NotebookApp | INFO] Saving file at /Population Model.ipynb
[NotebookApp | INFO] Saving file at /Population Model.ipynb
[NotebookApp | INFO] Saving file at /Population Model.ipynb
[NotebookApp | INFO] Saving file at /Population Model.ipynb
[NotebookApp | INFO] Saving file at /Population Model.ipynb
[NotebookApp | INFO] Saving file at /Population Model.ipynb
[NotebookApp | INFO] Saving file at /Population Model.ipynb
[NotebookApp | INFO] Starting buffering for 856a7c21-d574-4b2b-8df3-3a8a889cf2be:dfcdcc833d184a77bc19a7a5f9289b5a
[NotebookApp | INFO] Kernel shutdown: 856a7c21-d574-4b2b-8df3-3a8a889cf2be
[NotebookApp | INFO] Saving file at /Population Model.ipynb
[NotebookApp | INFO] Saving file at /Population Model.ipynb
[NotebookApp | WARNING] 404 DELETE /api/sessions/40626ae5-d9fb-4595-8b59-24d7be329c1f (127.0.0.1): Session not found: session_id='40626ae5-d9fb-4595-8b59-24d7be329c1f'
[NotebookApp | WARNING] Session not found: session_id='40626ae5-d9fb-4595-8b59-24d7be329c1f'
[NotebookApp | WARNING] 404 DELETE /api/sessions/40626ae5-d9fb-4595-8b59-24d7be329c1f (127.0.0.1) 6.03ms referer=http://localhost:8888/notebooks/Population%20Model.ipynb
[NotebookApp | INFO] Kernel started: cc8789ac-c13b-4302-bfb6-e968b65e33df
[NotebookApp | WARNING] 404 GET /static/components/codemirror/mode/python3/python3.js (127.0.0.1) 1.98ms referer=http://localhost:8888/notebooks/Population%20Model.ipynb
[NotebookApp | INFO] Adapting to protocol v5.1 for kernel cc8789ac-c13b-4302-bfb6-e968b65e33df
[NotebookApp | INFO] Creating new directory in 
[NotebookApp | INFO] Saving file at /Population Model.ipynb
[NotebookApp | INFO] interrupted
[NotebookApp | CRITICAL] Shutdown confirmed
[NotebookApp | INFO] Shutting down 4 kernels
[NotebookApp | INFO] Kernel shutdown: 9a24a18d-e6ee-407f-916c-4456a3c59c05
[NotebookApp | INFO] Kernel shutdown: 84c028bb-8c85-4a5d-b3c6-f39239d2927d
[NotebookApp | INFO] Kernel shutdown: 3453d4c8-ebc6-4c83-a884-2d386236ab30
[NotebookApp | INFO] Kernel shutdown: cc8789ac-c13b-4302-bfb6-e968b65e33df
[NotebookApp | WARNING] No nbgrader_config.py file found (rerun with --debug to see where nbgrader is looking)
[NotebookApp | INFO] Loading the validate_assignment nbgrader serverextension
[NotebookApp | INFO] Serving notebooks from local directory: /home/arden/Documents/Jupyter
[NotebookApp | INFO] The Jupyter Notebook is running at:
[NotebookApp | INFO] http://localhost:8888/
[NotebookApp | INFO] Use Control-C to stop this server and shut down all kernels (twice to skip confirmation).
[NotebookApp | WARNING] 404 GET /api/kernels/cc8789ac-c13b-4302-bfb6-e968b65e33df/channels?session_id=ecdc39795d044180b8ce2f1f0039d924 (127.0.0.1): Kernel does not exist: cc8789ac-c13b-4302-bfb6-e968b65e33df
[NotebookApp | WARNING] 404 GET /api/kernels/cc8789ac-c13b-4302-bfb6-e968b65e33df/channels?session_id=ecdc39795d044180b8ce2f1f0039d924 (127.0.0.1) 135.93ms referer=None
[NotebookApp | INFO] Creating new notebook in 
[NotebookApp | INFO] Kernel started: 94686e1e-faad-4f24-a16e-a89fbf86d98c
[NotebookApp | INFO] Adapting to protocol v5.1 for kernel 94686e1e-faad-4f24-a16e-a89fbf86d98c
[NotebookApp | INFO] Saving file at /Introduction.ipynb
[NotebookApp | INFO] Saving file at /Introduction.ipynb
[NotebookApp | INFO] Saving file at /Introduction.ipynb
[NotebookApp | INFO] Saving file at /Introduction.ipynb
[NotebookApp | INFO] Saving file at /Introduction.ipynb
[NotebookApp | INFO] Saving file at /Introduction.ipynb
[NotebookApp | INFO] Saving file at /Introduction.ipynb
[NotebookApp | INFO] Saving file at /Introduction.ipynb
[NotebookApp | INFO] Saving file at /Introduction.ipynb
[NotebookApp | INFO] Saving file at /Introduction.ipynb
[NotebookApp | INFO] Saving file at /Introduction.ipynb
[NotebookApp | INFO] Saving file at /Introduction.ipynb
[NotebookApp | INFO] Saving file at /Introduction.ipynb
[NotebookApp | INFO] Saving file at /Introduction.ipynb
[NotebookApp | INFO] Saving file at /Introduction.ipynb
[NotebookApp | INFO] Saving file at /Introduction.ipynb
[NotebookApp | INFO] Saving file at /Introduction.ipynb
[NotebookApp | INFO] Saving file at /Introduction.ipynb
[NotebookApp | INFO] Saving file at /Introduction.ipynb
[NotebookApp | INFO] interrupted
[NotebookApp | CRITICAL] Shutdown confirmed
[NotebookApp | INFO] Shutting down 1 kernel
[NotebookApp | INFO] Kernel shutdown: 94686e1e-faad-4f24-a16e-a89fbf86d98c
[NotebookApp | WARNING] No nbgrader_config.py file found (rerun with --debug to see where nbgrader is looking)
[NotebookApp | INFO] Loading the validate_assignment nbgrader serverextension
[NotebookApp | INFO] Serving notebooks from local directory: /home/arden/Documents/Jupyter
[NotebookApp | INFO] The Jupyter Notebook is running at:
[NotebookApp | INFO] http://localhost:8888/
[NotebookApp | INFO] Use Control-C to stop this server and shut down all kernels (twice to skip confirmation).
[NotebookApp | INFO] Saving file at /Introduction.ipynb
[NotebookApp | INFO] Saving file at /Introduction.ipynb
[NotebookApp | INFO] Kernel started: e737f67f-c4f6-47f0-b14a-1182125675f4
[NotebookApp | INFO] Adapting to protocol v5.1 for kernel e737f67f-c4f6-47f0-b14a-1182125675f4
[NotebookApp | INFO] Saving file at /Introduction.ipynb
[NotebookApp | INFO] Saving file at /Introduction.ipynb
[NotebookApp | INFO] Saving file at /Introduction.ipynb
[NotebookApp | INFO] Saving file at /Introduction.ipynb
[NotebookApp | INFO] Saving file at /Introduction.ipynb
[NotebookApp | INFO] Saving file at /Introduction.ipynb
[NotebookApp | INFO] Saving file at /Introduction.ipynb
[NotebookApp | INFO] Saving file at /Introduction.ipynb
[NotebookApp | INFO] Saving file at /Introduction.ipynb
[NotebookApp | INFO] Saving file at /Introduction.ipynb
[NotebookApp | INFO] Saving file at /Introduction.ipynb
[NotebookApp | INFO] Saving file at /Introduction.ipynb
[NotebookApp | INFO] Saving file at /Introduction.ipynb
[NotebookApp | INFO] Saving file at /Introduction.ipynb
[NotebookApp | INFO] Saving file at /Introduction.ipynb
[NotebookApp | INFO] Saving file at /Introduction.ipynb
[NotebookApp | INFO] Saving file at /Introduction.ipynb
[NotebookApp | INFO] Saving file at /Introduction.ipynb
[NotebookApp | INFO] Saving file at /Introduction.ipynb
[NotebookApp | INFO] Saving file at /Introduction.ipynb
[NotebookApp | INFO] Saving file at /Introduction.ipynb
[NotebookApp | INFO] Saving file at /Introduction.ipynb
[NotebookApp | INFO] Saving file at /Introduction.ipynb
[NotebookApp | INFO] Saving file at /Introduction.ipynb
[NotebookApp | INFO] Saving file at /Introduction.ipynb
[NotebookApp | INFO] Saving file at /Introduction.ipynb
[NotebookApp | INFO] Saving file at /Introduction.ipynb
[NotebookApp | INFO] Saving file at /Introduction.ipynb
[NotebookApp | INFO] Saving file at /Introduction.ipynb
[NotebookApp | INFO] Saving file at /Introduction.ipynb
[NotebookApp | INFO] Saving file at /Introduction.ipynb
[NotebookApp | INFO] Saving file at /Introduction.ipynb
[NotebookApp | INFO] Saving file at /Introduction.ipynb
[NotebookApp | INFO] Saving file at /Introduction.ipynb
[NotebookApp | INFO] Saving file at /Introduction.ipynb
[NotebookApp | INFO] Saving file at /Introduction.ipynb
[NotebookApp | INFO] Saving file at /Introduction.ipynb
[NotebookApp | INFO] Saving file at /Introduction.ipynb
[NotebookApp | INFO] Saving file at /Introduction.ipynb
[NotebookApp | INFO] Saving file at /Introduction.ipynb
[NotebookApp | INFO] Saving file at /Introduction.ipynb
[NotebookApp | INFO] Saving file at /Introduction.ipynb
[NotebookApp | INFO] Saving file at /Introduction.ipynb
[NotebookApp | INFO] Saving file at /Introduction.ipynb
[NotebookApp | INFO] Saving file at /Introduction.ipynb
[NotebookApp | INFO] Saving file at /Introduction.ipynb
[NotebookApp | INFO] Saving file at /Introduction.ipynb
[NotebookApp | INFO] Saving file at /Introduction.ipynb
[NotebookApp | INFO] Saving file at /Introduction.ipynb
[NotebookApp | INFO] Starting buffering for e737f67f-c4f6-47f0-b14a-1182125675f4:6131c0adfef84f0a8993d46d0d83e757
[NotebookApp | INFO] Kernel shutdown: e737f67f-c4f6-47f0-b14a-1182125675f4
[NotebookApp | INFO] 302 GET / (127.0.0.1) 0.70ms
[NotebookApp | INFO] Copying Introduction.ipynb to 
[NotebookApp | WARNING] Notebook Introduction.ipynb is not trusted
[NotebookApp | INFO] Kernel started: 053cf8bc-3c83-41eb-bae8-f79563d2b485
[NotebookApp | INFO] Adapting to protocol v5.1 for kernel 053cf8bc-3c83-41eb-bae8-f79563d2b485
[NotebookApp | INFO] Kernel started: 13c99994-7daf-4701-9bb6-dc2ce4abf729
[NotebookApp | INFO] Adapting to protocol v5.1 for kernel 13c99994-7daf-4701-9bb6-dc2ce4abf729
[NotebookApp | INFO] Saving file at /Introduction.ipynb
[NotebookApp | INFO] Saving file at /Introduction-Copy1.ipynb
[NotebookApp | INFO] Saving file at /Introduction-Copy1.ipynb
[NotebookApp | INFO] Saving file at /Introduction.ipynb
[NotebookApp | INFO] Saving file at /Introduction-Copy1.ipynb
[NotebookApp | INFO] Saving file at /Introduction.ipynb
[NotebookApp | INFO] Saving file at /Introduction-Copy1.ipynb
[NotebookApp | INFO] Saving file at /Introduction.ipynb
[NotebookApp | INFO] Saving file at /Introduction-Copy1.ipynb
[NotebookApp | INFO] Saving file at /Introduction-Copy1.ipynb
[NotebookApp | INFO] Starting buffering for 053cf8bc-3c83-41eb-bae8-f79563d2b485:2077c81a3c5344268670cb383017a109
[NotebookApp | INFO] Kernel shutdown: 053cf8bc-3c83-41eb-bae8-f79563d2b485
[NotebookApp | INFO] Saving file at /Introduction.ipynb
[NotebookApp | INFO] Starting buffering for 13c99994-7daf-4701-9bb6-dc2ce4abf729:fa5a0c18d2284cecbb559fba350251b4
[NotebookApp | INFO] Kernel shutdown: 13c99994-7daf-4701-9bb6-dc2ce4abf729
[NotebookApp | INFO] interrupted
[NotebookApp | CRITICAL] Shutdown confirmed
[NotebookApp | INFO] Shutting down 0 kernels
